Arguments: 
  C:\Program Files\nodejs\node.exe C:\Users\Alpha\AppData\Roaming\npm\node_modules\yarn\bin\yarn.js

PATH: 
  C:\Program Files (x86)\Common Files\Oracle\Java\javapath;C:\Program Files\Java\jdk-15.0.2\bin;C:\WINDOWS\system32;C:\WINDOWS;C:\WINDOWS\System32\Wbem;C:\WINDOWS\System32\WindowsPowerShell\v1.0\;C:\Program Files (x86)\NVIDIA Corporation\PhysX\Common;C:\Program Files\Intel\WiFi\bin\;C:\Program Files\Common Files\Intel\WirelessCommon\;C:\WINDOWS\System32\OpenSSH\;C:\Program Files\dotnet\;C:\Program Files\Microsoft SQL Server\130\Tools\Binn\;C:\Program Files\NVIDIA Corporation\NVIDIA NvDLISR;C:\Program Files\Git\cmd;C:\WINDOWS\system32;C:\WINDOWS;C:\WINDOWS\System32\Wbem;C:\WINDOWS\System32\WindowsPowerShell\v1.0\;C:\WINDOWS\System32\OpenSSH\;C:\Program Files\Symfony;C:\Program Files (x86)\Calibre2\;C:\Program Files (x86)\PDFtk Server\bin\;C:\Program Files (x86)\Microsoft SQL Server\150\DTS\Binn\;C:\Program Files\Microsoft SQL Server\Client SDK\ODBC\170\Tools\Binn\;C:\Program Files (x86)\Microsoft SQL Server\150\Tools\Binn\;C:\Program Files\Microsoft SQL Server\150\Tools\Binn\;C:\Program Files\Microsoft SQL Server\150\DTS\Binn\;D:\Program Files\MATLAB\R2020b\bin;D:\Program Files\gnuplot\bin;C:\Program Files\nodejs\;C:\ProgramData\ComposerSetup\bin;D:\Program Files (x86)\Ruby30-x64\bin;C:\Users\Alpha\AppData\Local\Programs\Python\Python39\Scripts\;C:\Users\Alpha\AppData\Local\Programs\Python\Python39\;C:\Users\Alpha\AppData\Local\Microsoft\WindowsApps;C:\Program Files\Intel\WiFi\bin\;C:\Program Files\Common Files\Intel\WirelessCommon\;C:\Users\Alpha\.dotnet\tools;D:\Programmes\Microsoft VS Code\bin;C:\Users\Alpha\AppData\Local\Microsoft\WindowsApps;C:\Users\Alpha\AppData\Local\Programs\MiKTeX 2.9\miktex\bin\x64\;D:\Program Files\xampp\php;C:\Users\Alpha\AppData\Roaming\Composer\vendor\bin;C:\Program Files (x86)\PDFtk Server\bin\pdftk.exe;C:\Users\Alpha\AppData\Roaming\npm;

Yarn version: 
  1.22.10

Node version: 
  14.15.1

Platform: 
  win32 x64

Trace: 
  Error: getaddrinfo ENOTFOUND registry.yarnpkg.com
      at GetAddrInfoReqWrap.onlookup [as oncomplete] (dns.js:67:26)

npm manifest: 
  {
    "name": "~TODO~",
    "version": "0.0.1",
    "scripts": {
      "dev": "svelte-kit dev",
      "build": "svelte-kit build",
      "preview": "svelte-kit preview",
      "check": "svelte-check --tsconfig ./tsconfig.json",
      "check:watch": "svelte-check --tsconfig ./tsconfig.json --watch",
      "lint": "prettier --check --plugin-search-dir=. . && eslint --ignore-path .gitignore .",
      "format": "prettier --write --plugin-search-dir=. ."
    },
    "devDependencies": {
      "@sveltejs/kit": "next",
      "@typescript-eslint/eslint-plugin": "^4.19.0",
      "@typescript-eslint/parser": "^4.19.0",
      "eslint": "^7.22.0",
      "eslint-config-prettier": "^8.1.0",
      "eslint-plugin-svelte3": "^3.2.0",
      "prettier": "~2.2.1",
      "prettier-plugin-svelte": "^2.2.0",
      "svelte": "^3.34.0",
      "svelte-check": "^2.0.0",
      "svelte-preprocess": "^4.0.0",
      "tslib": "^2.0.0",
      "typescript": "^4.0.0"
    },
    "type": "module"
  }

yarn manifest: 
  No manifest

Lockfile: 
  No lockfile
